
7月 31, 2017 12:07:45.37 NEW SESSION
7月 31, 2017 12:07:45.37 [10364:2084:0731/120745.372:ERROR:get_updates_processor.cc(244)] PostClientToServerMessage() failed during GetUpdates

7月 31, 2017 14:56:41.06 NEW SESSION
7月 31, 2017 14:56:41.06 [8528:10740:0731/145641.054:ERROR:connection_factory_impl.cc(386)] Failed to connect to MCS endpoint with error -118
7月 31, 2017 14:57:11.18 [8528:10740:0731/145711.188:ERROR:service_manager.cc(158)] Connection InterfaceProviderSpec prevented service: content_plugin from binding interface: memory_instrumentation::mojom::Coordinator exposed by: content_browser
7月 31, 2017 14:57:13.37 [8528:10740:0731/145713.378:ERROR:connection_factory_impl.cc(386)] Failed to connect to MCS endpoint with error -21
7月 31, 2017 14:57:13.42 [8528:5452:0731/145713.385:ERROR:get_updates_processor.cc(244)] PostClientToServerMessage() failed during GetUpdates
7月 31, 2017 14:58:19.54 [8528:10740:0731/145819.548:ERROR:connection_factory_impl.cc(386)] Failed to connect to MCS endpoint with error -118
7月 31, 2017 15:00:15.50 [8528:5452:0731/150015.506:ERROR:get_updates_processor.cc(244)] PostClientToServerMessage() failed during GetUpdates
7月 31, 2017 15:00:33.96 [8528:10740:0731/150033.967:ERROR:connection_factory_impl.cc(386)] Failed to connect to MCS endpoint with error -118
7月 31, 2017 15:02:15.59 [8528:5452:0731/150215.598:ERROR:get_updates_processor.cc(244)] PostClientToServerMessage() failed during GetUpdates
7月 31, 2017 15:04:05.46 [8528:10740:0731/150405.468:ERROR:connection_factory_impl.cc(386)] Failed to connect to MCS endpoint with error -118
7月 31, 2017 15:05:44.85 [8528:7272:0731/150544.855:ERROR:gcm_channel_status_request.cc(127)] GCM channel request failed.
7月 31, 2017 15:07:38.60 [8528:7272:0731/150738.602:ERROR:gcm_channel_status_request.cc(127)] GCM channel request failed.
7月 31, 2017 15:07:54.69 [8528:5452:0731/150754.689:ERROR:get_updates_processor.cc(244)] PostClientToServerMessage() failed during GetUpdates
7月 31, 2017 15:08:25.85 [8528:7272:0731/150825.849:ERROR:gcm_channel_status_request.cc(127)] GCM channel request failed.
7月 31, 2017 15:09:48.06 [8528:10740:0731/150948.068:ERROR:connection_factory_impl.cc(386)] Failed to connect to MCS endpoint with error -202
7月 31, 2017 15:10:20.45 [8528:7272:0731/151020.450:ERROR:gcm_channel_status_request.cc(127)] GCM channel request failed.
7月 31, 2017 15:13:40.98 [8528:10740:0731/151340.986:ERROR:service_manager.cc(158)] Connection InterfaceProviderSpec prevented service: content_plugin from binding interface: memory_instrumentation::mojom::Coordinator exposed by: content_browser
7月 31, 2017 15:15:00.94 [8528:10740:0731/151500.945:ERROR:service_manager.cc(158)] Connection InterfaceProviderSpec prevented service: content_plugin from binding interface: memory_instrumentation::mojom::Coordinator exposed by: content_browser
7月 31, 2017 15:15:19.00 [8528:7272:0731/151519.008:ERROR:gcm_channel_status_request.cc(127)] GCM channel request failed.
7月 31, 2017 15:15:39.67 [8528:5452:0731/151539.674:ERROR:get_updates_processor.cc(244)] PostClientToServerMessage() failed during GetUpdates
7月 31, 2017 15:20:09.12 [8528:10740:0731/152009.128:ERROR:connection_factory_impl.cc(386)] Failed to connect to MCS endpoint with error -118
7月 31, 2017 15:23:28.18 [8528:7272:0731/152328.186:ERROR:gcm_channel_status_request.cc(127)] GCM channel request failed.
7月 31, 2017 15:27:20.74 [8528:5452:0731/152720.748:ERROR:get_updates_processor.cc(244)] PostClientToServerMessage() failed during GetUpdates
7月 31, 2017 15:30:30.18 [8528:10740:0731/153030.188:ERROR:connection_factory_impl.cc(386)] Failed to connect to MCS endpoint with error -118
7月 31, 2017 15:33:30.92 [8528:7272:0731/153330.923:ERROR:gcm_channel_status_request.cc(127)] GCM channel request failed.
7月 31, 2017 15:38:47.34 [8528:5452:0731/153847.342:ERROR:get_updates_processor.cc(244)] PostClientToServerMessage() failed during GetUpdates
7月 31, 2017 15:40:51.25 [8528:10740:0731/154051.253:ERROR:connection_factory_impl.cc(386)] Failed to connect to MCS endpoint with error -118
7月 31, 2017 15:45:36.99 [8528:7272:0731/154536.995:ERROR:gcm_channel_status_request.cc(127)] GCM channel request failed.
7月 31, 2017 15:50:53.41 [8528:5452:0731/155053.413:ERROR:get_updates_processor.cc(244)] PostClientToServerMessage() failed during GetUpdates
7月 31, 2017 15:51:12.31 [8528:10740:0731/155112.313:ERROR:connection_factory_impl.cc(386)] Failed to connect to MCS endpoint with error -118
7月 31, 2017 15:57:43.06 [8528:7272:0731/155743.062:ERROR:gcm_channel_status_request.cc(127)] GCM channel request failed.
7月 31, 2017 16:02:59.49 [8528:5452:0731/160259.495:ERROR:get_updates_processor.cc(244)] PostClientToServerMessage() failed during GetUpdates
7月 31, 2017 16:09:14.14 [8528:7272:0731/160914.146:ERROR:gcm_channel_status_request.cc(127)] GCM channel request failed.
7月 31, 2017 16:14:48.48 [8528:5452:0731/161448.479:ERROR:get_updates_processor.cc(244)] PostClientToServerMessage() failed during GetUpdates
7月 31, 2017 16:21:20.22 [8528:7272:0731/162120.223:ERROR:gcm_channel_status_request.cc(127)] GCM channel request failed.
7月 31, 2017 16:26:54.55 [8528:5452:0731/162654.555:ERROR:get_updates_processor.cc(244)] PostClientToServerMessage() failed during GetUpdates
7月 31, 2017 16:32:17.44 [8528:7272:0731/163217.447:ERROR:gcm_channel_status_request.cc(127)] GCM channel request failed.
7月 31, 2017 16:38:52.74 [8528:5452:0731/163852.743:ERROR:get_updates_processor.cc(244)] PostClientToServerMessage() failed during GetUpdates
7月 31, 2017 16:44:23.52 [8528:7272:0731/164423.523:ERROR:gcm_channel_status_request.cc(127)] GCM channel request failed.
7月 31, 2017 16:50:23.40 [8528:5452:0731/165023.408:ERROR:get_updates_processor.cc(244)] PostClientToServerMessage() failed during GetUpdates
7月 31, 2017 16:56:29.59 [8528:7272:0731/165629.595:ERROR:gcm_channel_status_request.cc(127)] GCM channel request failed.
7月 31, 2017 17:02:09.69 [8528:5452:0731/170209.697:ERROR:get_updates_processor.cc(244)] PostClientToServerMessage() failed during GetUpdates

8月 01, 2017 10:00:01.33 NEW SESSION
8月 01, 2017 10:00:01.33 [11036:14744:0801/100001.331:ERROR:checkin_request.cc(211)] Failed to get checkin response. Fetcher failed. Retrying.
8月 01, 2017 10:00:22.87 [11036:13268:0801/100022.873:ERROR:get_updates_processor.cc(244)] PostClientToServerMessage() failed during GetUpdates
8月 01, 2017 10:00:24.69 [11036:12472:0801/100024.689:ERROR:gcm_channel_status_request.cc(127)] GCM channel request failed.
8月 01, 2017 10:01:14.09 [11036:12472:0801/100114.096:ERROR:gcm_channel_status_request.cc(127)] GCM channel request failed.
8月 01, 2017 10:02:13.61 [11036:14744:0801/100213.618:ERROR:checkin_request.cc(211)] Failed to get checkin response. Fetcher failed. Retrying.
8月 01, 2017 10:03:03.53 [11036:13268:0801/100303.536:ERROR:get_updates_processor.cc(244)] PostClientToServerMessage() failed during GetUpdates
8月 01, 2017 10:03:36.89 [11036:12472:0801/100336.893:ERROR:gcm_channel_status_request.cc(127)] GCM channel request failed.
8月 01, 2017 10:05:03.81 [11036:14744:0801/100503.812:ERROR:checkin_request.cc(211)] Failed to get checkin response. Fetcher failed. Retrying.
8月 01, 2017 10:05:53.49 [11036:13268:0801/100553.494:ERROR:get_updates_processor.cc(244)] PostClientToServerMessage() failed during GetUpdates
8月 01, 2017 10:06:51.59 [11036:12472:0801/100651.590:ERROR:gcm_channel_status_request.cc(127)] GCM channel request failed.
8月 01, 2017 10:08:32.13 [11036:14744:0801/100832.133:ERROR:checkin_request.cc(211)] Failed to get checkin response. Fetcher failed. Retrying.
8月 01, 2017 10:10:19.19 [11036:13268:0801/101019.189:ERROR:get_updates_processor.cc(244)] PostClientToServerMessage() failed during GetUpdates
8月 01, 2017 10:11:36.31 [11036:12472:0801/101136.310:ERROR:gcm_channel_status_request.cc(127)] GCM channel request failed.
8月 01, 2017 10:13:00.46 [11036:14744:0801/101300.464:ERROR:checkin_request.cc(211)] Failed to get checkin response. Fetcher failed. Retrying.
8月 01, 2017 10:18:29.95 [11036:13268:0801/101829.949:ERROR:get_updates_processor.cc(244)] PostClientToServerMessage() failed during GetUpdates
8月 01, 2017 10:18:31.71 [11036:12472:0801/101831.709:ERROR:gcm_channel_status_request.cc(127)] GCM channel request failed.
8月 01, 2017 10:22:22.81 [11036:14744:0801/102222.810:ERROR:checkin_request.cc(211)] Failed to get checkin response. Fetcher failed. Retrying.
8月 01, 2017 10:30:11.02 [11036:13268:0801/103011.022:ERROR:get_updates_processor.cc(244)] PostClientToServerMessage() failed during GetUpdates
8月 01, 2017 10:30:11.23 [11036:12472:0801/103011.231:ERROR:gcm_channel_status_request.cc(127)] GCM channel request failed.
8月 01, 2017 10:34:28.88 [11036:14744:0801/103428.887:ERROR:checkin_request.cc(211)] Failed to get checkin response. Fetcher failed. Retrying.
8月 01, 2017 10:41:37.56 [11036:13268:0801/104137.559:ERROR:get_updates_processor.cc(244)] PostClientToServerMessage() failed during GetUpdates
8月 01, 2017 10:41:37.68 [11036:12472:0801/104137.687:ERROR:gcm_channel_status_request.cc(127)] GCM channel request failed.
8月 01, 2017 10:46:34.95 [11036:14744:0801/104634.959:ERROR:checkin_request.cc(211)] Failed to get checkin response. Fetcher failed. Retrying.
8月 01, 2017 10:52:45.17 [11036:13268:0801/105245.172:ERROR:get_updates_processor.cc(244)] PostClientToServerMessage() failed during GetUpdates
8月 01, 2017 10:53:43.63 [11036:12472:0801/105343.635:ERROR:gcm_channel_status_request.cc(127)] GCM channel request failed.
8月 01, 2017 10:58:41.03 [11036:14744:0801/105841.032:ERROR:checkin_request.cc(211)] Failed to get checkin response. Fetcher failed. Retrying.
8月 01, 2017 11:03:35.83 [11036:13268:0801/110335.835:ERROR:get_updates_processor.cc(244)] PostClientToServerMessage() failed during GetUpdates
8月 01, 2017 11:03:39.79 [11036:13268:0801/110339.798:ERROR:get_updates_processor.cc(244)] PostClientToServerMessage() failed during GetUpdates
8月 01, 2017 12:09:13.55 [11036:13268:0801/120913.559:ERROR:get_updates_processor.cc(244)] PostClientToServerMessage() failed during GetUpdates
8月 01, 2017 12:09:13.57 [11036:14744:0801/120913.560:ERROR:checkin_request.cc(211)] Failed to get checkin response. Fetcher failed. Retrying.
8月 01, 2017 12:09:13.96 [11036:14744:0801/120913.968:ERROR:socket_stream.cc(210)] Closing stream with result -103
8月 01, 2017 12:09:14.48 [11036:12472:0801/120914.483:ERROR:gcm_channel_status_request.cc(127)] GCM channel request failed.
8月 01, 2017 12:09:14.51 [11036:14744:0801/120914.495:ERROR:connection_factory_impl.cc(386)] Failed to connect to MCS endpoint with error -21
8月 01, 2017 12:09:14.52 [11036:13268:0801/120914.495:ERROR:get_updates_processor.cc(244)] PostClientToServerMessage() failed during GetUpdates
8月 01, 2017 12:09:15.98 [11036:14744:0801/120915.988:ERROR:connection_factory_impl.cc(386)] Failed to connect to MCS endpoint with error -106
8月 01, 2017 12:09:16.55 [11036:13268:0801/120916.555:ERROR:get_updates_processor.cc(244)] PostClientToServerMessage() failed during GetUpdates
8月 01, 2017 12:09:18.56 [11036:13268:0801/120918.564:ERROR:get_updates_processor.cc(244)] PostClientToServerMessage() failed during GetUpdates
8月 01, 2017 12:09:18.57 [11036:13268:0801/120918.574:ERROR:get_updates_processor.cc(244)] PostClientToServerMessage() failed during GetUpdates
8月 01, 2017 12:09:20.58 [11036:14744:0801/120920.584:ERROR:connection_factory_impl.cc(386)] Failed to connect to MCS endpoint with error -21
8月 01, 2017 12:09:20.59 [11036:13268:0801/120920.599:ERROR:get_updates_processor.cc(244)] PostClientToServerMessage() failed during GetUpdates
8月 01, 2017 12:09:21.58 [11036:13268:0801/120921.587:ERROR:get_updates_processor.cc(244)] PostClientToServerMessage() failed during GetUpdates
8月 01, 2017 12:09:22.08 [11036:14744:0801/120922.085:ERROR:connection_factory_impl.cc(386)] Failed to connect to MCS endpoint with error -202
